-------------------------------------------------------------------------------
Test set: cpsc326.ASTParserTests
-------------------------------------------------------------------------------
Tests run: 64, Failures: 0, Errors: 0, Skipped: 0, Time elapsed: 0.037 s -- in cpsc326.ASTParserTests
cpsc326.ASTParserTests.emptyFunctionOneBaseTypeParam -- Time elapsed: 0.002 s
cpsc326.ASTParserTests.simpleNewStructExpression -- Time elapsed: 0.001 s
cpsc326.ASTParserTests.twoEmptyFunctions -- Time elapsed: 0.001 s
cpsc326.ASTParserTests.parenExpressionFollowedByExpression -- Time elapsed: 0.001 s
cpsc326.ASTParserTests.simpleNotExpression -- Time elapsed: 0.001 s
cpsc326.ASTParserTests.structWithOneArrayField -- Time elapsed: 0 s
cpsc326.ASTParserTests.twoVariablePathExpressionWithoutArrayAccess -- Time elapsed: 0.001 s
cpsc326.ASTParserTests.emptyFunction -- Time elapsed: 0 s
cpsc326.ASTParserTests.emptyFunctionThreeParams -- Time elapsed: 0 s
cpsc326.ASTParserTests.simplePathAssignment -- Time elapsed: 0 s
cpsc326.ASTParserTests.emptyFunctionArrayReturn -- Time elapsed: 0 s
cpsc326.ASTParserTests.fullIfStatement -- Time elapsed: 0.001 s
cpsc326.ASTParserTests.singleIfStatement -- Time elapsed: 0 s
cpsc326.ASTParserTests.emptyFunctionOneBaseTypeArrayParam -- Time elapsed: 0.001 s
cpsc326.ASTParserTests.structWithTwoBaseTypeFields -- Time elapsed: 0 s
cpsc326.ASTParserTests.idVariableDeclaration -- Time elapsed: 0.001 s
cpsc326.ASTParserTests.emptyInput -- Time elapsed: 0 s
cpsc326.ASTParserTests.singleIfStatementWithNonEmptyElse -- Time elapsed: 0.001 s
cpsc326.ASTParserTests.emptyWhileStatement -- Time elapsed: 0.001 s
cpsc326.ASTParserTests.whileWithBodyStatement -- Time elapsed: 0 s
cpsc326.ASTParserTests.baseTypeArrayVariableDefinitionWithTypeAnnotation -- Time elapsed: 0 s
cpsc326.ASTParserTests.manyEmptyFunctions -- Time elapsed: 0.001 s
cpsc326.ASTParserTests.mixOfEmptyStructsAndFunctions -- Time elapsed: 0 s
cpsc326.ASTParserTests.emptyFunctionOneIdParam -- Time elapsed: 0 s
cpsc326.ASTParserTests.simpleBoolExpression -- Time elapsed: 0 s
cpsc326.ASTParserTests.baseTypeVariableDefinitionWithTypeAnnotationManyParams -- Time elapsed: 0.001 s
cpsc326.ASTParserTests.singleIfStatementWithOneElseIf -- Time elapsed: 0 s
cpsc326.ASTParserTests.mixedVariablePathExpression -- Time elapsed: 0 s
cpsc326.ASTParserTests.newStructExpressionWithManyArgs -- Time elapsed: 0.001 s
cpsc326.ASTParserTests.simpleVariableExpressionWithoutArrayAccess -- Time elapsed: 0 s
cpsc326.ASTParserTests.structArraySaving -- Time elapsed: 0.001 s
cpsc326.ASTParserTests.idArrayVariableDefinitionWithTypeAnnotation -- Time elapsed: 0 s
cpsc326.ASTParserTests.arrayOfBaseTypeVariableDeclaration -- Time elapsed: 0.001 s
cpsc326.ASTParserTests.variableDefinitionWithoutTypeAnnotation -- Time elapsed: 0 s
cpsc326.ASTParserTests.structWithOneIdField -- Time elapsed: 0 s
cpsc326.ASTParserTests.simpleVariableExpressionWithArrayAccess -- Time elapsed: 0 s
cpsc326.ASTParserTests.newArrayExpressionWithBaseType -- Time elapsed: 0 s
cpsc326.ASTParserTests.oneArgCallExpression -- Time elapsed: 0 s
cpsc326.ASTParserTests.singleIfStatementWithTwoElseIfs -- Time elapsed: 0 s
cpsc326.ASTParserTests.structWithOneBaseTypeField -- Time elapsed: 0 s
cpsc326.ASTParserTests.twoBinaryOperatorsNoParens -- Time elapsed: 0 s
cpsc326.ASTParserTests.baseTypeVariableDefinitionWithTypeAnnotation -- Time elapsed: 0.001 s
cpsc326.ASTParserTests.multiplePathAssignment -- Time elapsed: 0 s
cpsc326.ASTParserTests.emptyFunctionOneIdArrayParam -- Time elapsed: 0 s
cpsc326.ASTParserTests.simpleArrayPathAssignment -- Time elapsed: 0.001 s
cpsc326.ASTParserTests.emptyFunctionTwoParams -- Time elapsed: 0 s
cpsc326.ASTParserTests.simpleLiteralValues -- Time elapsed: 0 s
cpsc326.ASTParserTests.simpleParenExpression -- Time elapsed: 0 s
cpsc326.ASTParserTests.mixedVariablePathExpressionBadFormatt -- Time elapsed: 0 s
cpsc326.ASTParserTests.singleIfStatementWithBody -- Time elapsed: 0.001 s
cpsc326.ASTParserTests.emptyStruct -- Time elapsed: 0 s
cpsc326.ASTParserTests.structWithThreeFields -- Time elapsed: 0 s
cpsc326.ASTParserTests.doubleNotExpression -- Time elapsed: 0 s
cpsc326.ASTParserTests.singleIfStatementWithEmptyElse -- Time elapsed: 0 s
cpsc326.ASTParserTests.newStructExpressionWithTwoArgs -- Time elapsed: 0.001 s
cpsc326.ASTParserTests.oneArgCallExpressionVeryLarge -- Time elapsed: 0.001 s
cpsc326.ASTParserTests.simpleAssignment -- Time elapsed: 0 s
cpsc326.ASTParserTests.emptyCallExpression -- Time elapsed: 0 s
cpsc326.ASTParserTests.structWithOneIdFieldWithBadFormatting -- Time elapsed: 0 s
cpsc326.ASTParserTests.newStructExpressionWithOneArg -- Time elapsed: 0 s
cpsc326.ASTParserTests.parenExpressionBeforeExpression -- Time elapsed: 0 s
cpsc326.ASTParserTests.twoArgCallExpression -- Time elapsed: 0 s
cpsc326.ASTParserTests.idVariableDefinitionWithTypeAnnotation -- Time elapsed: 0.001 s
cpsc326.ASTParserTests.baseTypeVariableDeclarations -- Time elapsed: 0 s
