-------------------------------------------------------------------------------
Test set: cpsc326.CodeGeneratorTests
-------------------------------------------------------------------------------
Tests run: 70, Failures: 0, Errors: 0, Skipped: 0, Time elapsed: 0.067 s -- in cpsc326.CodeGeneratorTests
cpsc326.CodeGeneratorTests.testSimpleMult -- Time elapsed: 0.002 s
cpsc326.CodeGeneratorTests.basicRecursion -- Time elapsed: 0.001 s
cpsc326.CodeGeneratorTests.nestedWhile -- Time elapsed: 0 s
cpsc326.CodeGeneratorTests.basicFor -- Time elapsed: 0.001 s
cpsc326.CodeGeneratorTests.rvalueSimpleNullStructDereference -- Time elapsed: 0.001 s
cpsc326.CodeGeneratorTests.testMoreInvolvedLogicalExpression -- Time elapsed: 0.001 s
cpsc326.CodeGeneratorTests.testFalseAlphabeticComparisons -- Time elapsed: 0.001 s
cpsc326.CodeGeneratorTests.updatePathEndingInArray -- Time elapsed: 0.002 s
cpsc326.CodeGeneratorTests.testSimpleAdd -- Time elapsed: 0 s
cpsc326.CodeGeneratorTests.testSimpleAnd -- Time elapsed: 0 s
cpsc326.CodeGeneratorTests.testSimpleDiv -- Time elapsed: 0.001 s
cpsc326.CodeGeneratorTests.testSimpleNot -- Time elapsed: 0.001 s
cpsc326.CodeGeneratorTests.testSimpleSub -- Time elapsed: 0 s
cpsc326.CodeGeneratorTests.simplePrint -- Time elapsed: 0.001 s
cpsc326.CodeGeneratorTests.simpleToInt -- Time elapsed: 0 s
cpsc326.CodeGeneratorTests.simpleToStr -- Time elapsed: 0.001 s
cpsc326.CodeGeneratorTests.arrayInit -- Time elapsed: 0.001 s
cpsc326.CodeGeneratorTests.testSimpleVarDecls -- Time elapsed: 0.001 s
cpsc326.CodeGeneratorTests.testLongerArithmeticExpr -- Time elapsed: 0 s
cpsc326.CodeGeneratorTests.simpleOneFieldStruct -- Time elapsed: 0 s
cpsc326.CodeGeneratorTests.lvalueNullArrayAccess -- Time elapsed: 0.001 s
cpsc326.CodeGeneratorTests.basicWhile -- Time elapsed: 0.001 s
cpsc326.CodeGeneratorTests.simpleTwoStructs -- Time elapsed: 0.001 s
cpsc326.CodeGeneratorTests.simpleToDouble -- Time elapsed: 0.001 s
cpsc326.CodeGeneratorTests.manyElseIfs -- Time elapsed: 0.001 s
cpsc326.CodeGeneratorTests.simpleTwoFieldStruct -- Time elapsed: 0 s
cpsc326.CodeGeneratorTests.oneArgCall -- Time elapsed: 0 s
cpsc326.CodeGeneratorTests.consecutiveIfs -- Time elapsed: 0.001 s
cpsc326.CodeGeneratorTests.lvalueNullStructDereference -- Time elapsed: 0.004 s
cpsc326.CodeGeneratorTests.twoArgCall -- Time elapsed: 0 s
cpsc326.CodeGeneratorTests.stringGetIndexTooBig -- Time elapsed: 0.001 s
cpsc326.CodeGeneratorTests.emptyProgram -- Time elapsed: 0 s
cpsc326.CodeGeneratorTests.simpleArrayAccess -- Time elapsed: 0.001 s
cpsc326.CodeGeneratorTests.forOuterNonBadShadowing -- Time elapsed: 0.001 s
cpsc326.CodeGeneratorTests.indexTooSmall -- Time elapsed: 0.001 s
cpsc326.CodeGeneratorTests.stringGet -- Time elapsed: 0 s
cpsc326.CodeGeneratorTests.testNullComparisons -- Time elapsed: 0 s
cpsc326.CodeGeneratorTests.noArgCall -- Time elapsed: 0.001 s
cpsc326.CodeGeneratorTests.stringLength -- Time elapsed: 0 s
cpsc326.CodeGeneratorTests.justAnIf -- Time elapsed: 0 s
cpsc326.CodeGeneratorTests.rvalueNullArrayAccess -- Time elapsed: 0.001 s
cpsc326.CodeGeneratorTests.structAsFunParam -- Time elapsed: 0.001 s
cpsc326.CodeGeneratorTests.stringGetIndexTooSmall -- Time elapsed: 0.001 s
cpsc326.CodeGeneratorTests.badDoubleVal -- Time elapsed: 0.001 s
cpsc326.CodeGeneratorTests.recursiveStruct -- Time elapsed: 0.001 s
cpsc326.CodeGeneratorTests.doubleDivideByZero -- Time elapsed: 0.001 s
cpsc326.CodeGeneratorTests.rvalueMoreInvoledNullStructDereference -- Time elapsed: 0.001 s
cpsc326.CodeGeneratorTests.simpleElseIfs -- Time elapsed: 0.001 s
cpsc326.CodeGeneratorTests.arrayLength -- Time elapsed: 0.001 s
cpsc326.CodeGeneratorTests.testSimpleVarAssignments -- Time elapsed: 0.001 s
cpsc326.CodeGeneratorTests.moreInvolvedWhile -- Time elapsed: 0 s
cpsc326.CodeGeneratorTests.multiLevelCall -- Time elapsed: 0.001 s
cpsc326.CodeGeneratorTests.simpleStructAssign -- Time elapsed: 0.001 s
cpsc326.CodeGeneratorTests.nestedFor -- Time elapsed: 0 s
cpsc326.CodeGeneratorTests.simpleAssignField -- Time elapsed: 0 s
cpsc326.CodeGeneratorTests.emptyStruct -- Time elapsed: 0.001 s
cpsc326.CodeGeneratorTests.testSimpleOr -- Time elapsed: 0.001 s
cpsc326.CodeGeneratorTests.badIntVal -- Time elapsed: 0.001 s
cpsc326.CodeGeneratorTests.testTrueNumericalComparisons -- Time elapsed: 0.001 s
cpsc326.CodeGeneratorTests.testFalseNumericalComparisons -- Time elapsed: 0 s
cpsc326.CodeGeneratorTests.indexTooBig -- Time elapsed: 0 s
cpsc326.CodeGeneratorTests.fibRecursion -- Time elapsed: 0.001 s
cpsc326.CodeGeneratorTests.intDivideByZero -- Time elapsed: 0.001 s
cpsc326.CodeGeneratorTests.testSimpleVarDeclNoExpr -- Time elapsed: 0 s
cpsc326.CodeGeneratorTests.simpleArrayCreation -- Time elapsed: 0.001 s
cpsc326.CodeGeneratorTests.updateArrayOfStruct -- Time elapsed: 0 s
cpsc326.CodeGeneratorTests.threeArgCall -- Time elapsed: 0 s
cpsc326.CodeGeneratorTests.testTrueAlphabeticComparisons -- Time elapsed: 0.001 s
cpsc326.CodeGeneratorTests.arrayOfStruct -- Time elapsed: 0.001 s
cpsc326.CodeGeneratorTests.arrayAsParam -- Time elapsed: 0 s
