-------------------------------------------------------------------------------
Test set: cpsc326.VMTests
-------------------------------------------------------------------------------
Tests run: 108, Failures: 0, Errors: 0, Skipped: 0, Time elapsed: 0.075 s -- in cpsc326.VMTests
cpsc326.VMTests.createTwoArrays -- Time elapsed: 0 s
cpsc326.VMTests.lessEqualNullFirstOperand -- Time elapsed: 0.001 s
cpsc326.VMTests.stringGetWithNullIndex -- Time elapsed: 0.001 s
cpsc326.VMTests.arrayFieldUpdate -- Time elapsed: 0 s
cpsc326.VMTests.functionReturnsLiteral -- Time elapsed: 0.001 s
cpsc326.VMTests.dblEqual -- Time elapsed: 0 s
cpsc326.VMTests.nullDivFirstOperand -- Time elapsed: 0.001 s
cpsc326.VMTests.orNullFirstOperand -- Time elapsed: 0 s
cpsc326.VMTests.intLessThanEqual -- Time elapsed: 0 s
cpsc326.VMTests.singleWrite -- Time elapsed: 0 s
cpsc326.VMTests.intNotEqual -- Time elapsed: 0 s
cpsc326.VMTests.dblNotEqual -- Time elapsed: 0.001 s
cpsc326.VMTests.nullDivSecondOperand -- Time elapsed: 0.001 s
cpsc326.VMTests.notEqualNullBothOperands -- Time elapsed: 0 s
cpsc326.VMTests.createOneFieldStruct -- Time elapsed: 0.001 s
cpsc326.VMTests.singleDup -- Time elapsed: 0 s
cpsc326.VMTests.singleNop -- Time elapsed: 0.001 s
cpsc326.VMTests.singlePop -- Time elapsed: 0 s
cpsc326.VMTests.AddBothNull -- Time elapsed: 0.001 s
cpsc326.VMTests.invalidNullArrayIndexSetField -- Time elapsed: 0.001 s
cpsc326.VMTests.intDivByZero -- Time elapsed: 0.001 s
cpsc326.VMTests.writeNull -- Time elapsed: 0.002 s
cpsc326.VMTests.arraySizeCalls -- Time elapsed: 0.001 s
cpsc326.VMTests.functionPrintsTwoParameters -- Time elapsed: 0 s
cpsc326.VMTests.lessThanNullSecondOperand -- Time elapsed: 0.001 s
cpsc326.VMTests.dblAdd -- Time elapsed: 0 s
cpsc326.VMTests.dblDiv -- Time elapsed: 0.001 s
cpsc326.VMTests.dblMul -- Time elapsed: 0 s
cpsc326.VMTests.dblSub -- Time elapsed: 0 s
cpsc326.VMTests.intLessThan -- Time elapsed: 0 s
cpsc326.VMTests.intAdd -- Time elapsed: 0 s
cpsc326.VMTests.intDiv -- Time elapsed: 0 s
cpsc326.VMTests.intMul -- Time elapsed: 0.001 s
cpsc326.VMTests.intSub -- Time elapsed: 0 s
cpsc326.VMTests.dblLessThan -- Time elapsed: 0.001 s
cpsc326.VMTests.strLessThanEqual -- Time elapsed: 0 s
cpsc326.VMTests.createTwoOneFieldStructs -- Time elapsed: 0.001 s
cpsc326.VMTests.callMultipleFunctions -- Time elapsed: 0 s
cpsc326.VMTests.strAdd -- Time elapsed: 0.001 s
cpsc326.VMTests.equalNullBothOperands -- Time elapsed: 0 s
cpsc326.VMTests.nullSubFirstOperand -- Time elapsed: 0.001 s
cpsc326.VMTests.invalidArrayAccessWithNullIndex -- Time elapsed: 0.001 s
cpsc326.VMTests.lessThanNullFirstOperand -- Time elapsed: 0.001 s
cpsc326.VMTests.arraySetFieldWithIndexTooLarge -- Time elapsed: 0.001 s
cpsc326.VMTests.arraySetFieldWithIndexTooSmall -- Time elapsed: 0.001 s
cpsc326.VMTests.orNullSecondOperand -- Time elapsed: 0.001 s
cpsc326.VMTests.lessThanEqualNullSecondOperand -- Time elapsed: 0.001 s
cpsc326.VMTests.functionSubtractsItsTwoParameters -- Time elapsed: 0 s
cpsc326.VMTests.nullObjectInCallToSize -- Time elapsed: 0 s
cpsc326.VMTests.stringGetIndexTooBig -- Time elapsed: 0.001 s
cpsc326.VMTests.sumUsingRecursion -- Time elapsed: 0.001 s
cpsc326.VMTests.intValCalls -- Time elapsed: 0 s
cpsc326.VMTests.dblDivByZero -- Time elapsed: 0.002 s
cpsc326.VMTests.dblValCalls -- Time elapsed: 0 s
cpsc326.VMTests.dblLessThanEqual -- Time elapsed: 0 s
cpsc326.VMTests.stringGetWithNullString -- Time elapsed: 0.001 s
cpsc326.VMTests.stringSizeCalls -- Time elapsed: 0 s
cpsc326.VMTests.simpleArrayAccess -- Time elapsed: 0 s
cpsc326.VMTests.functionReturnsModifiedParameter -- Time elapsed: 0 s
cpsc326.VMTests.strValCalledOnNull -- Time elapsed: 0.001 s
cpsc326.VMTests.nullMulSecondOperand -- Time elapsed: 0.001 s
cpsc326.VMTests.arrayLoopWithUpdates -- Time elapsed: 0 s
cpsc326.VMTests.strNotEqual -- Time elapsed: 0 s
cpsc326.VMTests.setFieldOnNullObject -- Time elapsed: 0 s
cpsc326.VMTests.notEqualNullFirstOperand -- Time elapsed: 0 s
cpsc326.VMTests.or -- Time elapsed: 0 s
cpsc326.VMTests.and -- Time elapsed: 0 s
cpsc326.VMTests.not -- Time elapsed: 0 s
cpsc326.VMTests.nullMulFirstOperand -- Time elapsed: 0 s
cpsc326.VMTests.invalidNullArraySetField -- Time elapsed: 0.001 s
cpsc326.VMTests.mainReturnsNull -- Time elapsed: 0 s
cpsc326.VMTests.StringToString -- Time elapsed: 0.001 s
cpsc326.VMTests.andNullSecondOperand -- Time elapsed: 0.001 s
cpsc326.VMTests.storeAndLoad -- Time elapsed: 0 s
cpsc326.VMTests.arrayFieldStoreNull -- Time elapsed: 0 s
cpsc326.VMTests.badStoreIndex -- Time elapsed: 0.001 s
cpsc326.VMTests.stringGetIndexTooSmall -- Time elapsed: 0.001 s
cpsc326.VMTests.dblValCalledOnBadString -- Time elapsed: 0 s
cpsc326.VMTests.jumpForward -- Time elapsed: 0 s
cpsc326.VMTests.strLessThan -- Time elapsed: 0 s
cpsc326.VMTests.intValCalledOnNull -- Time elapsed: 0 s
cpsc326.VMTests.stringGetCalls -- Time elapsed: 0.001 s
cpsc326.VMTests.intEqual -- Time elapsed: 0 s
cpsc326.VMTests.getFieldOnNullObject -- Time elapsed: 0.001 s
cpsc326.VMTests.createOneTwoFieldStruct -- Time elapsed: 0.001 s
cpsc326.VMTests.equalNullFirstOperand -- Time elapsed: 0 s
cpsc326.VMTests.invalidArrayCreationIntLength -- Time elapsed: 0.001 s
cpsc326.VMTests.IntToString -- Time elapsed: 0.001 s
cpsc326.VMTests.createTwoNoFieldStructs -- Time elapsed: 0 s
cpsc326.VMTests.intValCalledOnBadString -- Time elapsed: 0.001 s
cpsc326.VMTests.jumpFalseNoJump -- Time elapsed: 0 s
cpsc326.VMTests.invalidArrayCreationNullLength -- Time elapsed: 0.001 s
cpsc326.VMTests.strValCalls -- Time elapsed: 0 s
cpsc326.VMTests.invalidNullArrayAccess -- Time elapsed: 0.001 s
cpsc326.VMTests.jumpBackwards -- Time elapsed: 0.001 s
cpsc326.VMTests.andNullFirstOperand -- Time elapsed: 0 s
cpsc326.VMTests.nullAddSecondOperand -- Time elapsed: 0.001 s
cpsc326.VMTests.notEqualNullSecondOperand -- Time elapsed: 0 s
cpsc326.VMTests.invalidArrayAccessWithIndexTooLarge -- Time elapsed: 0 s
cpsc326.VMTests.invalidArrayAccessWithIndexTooSmall -- Time elapsed: 0.001 s
cpsc326.VMTests.nullAddFirstOperand -- Time elapsed: 0.001 s
cpsc326.VMTests.BooleanToString -- Time elapsed: 0 s
cpsc326.VMTests.jumpFalseForward -- Time elapsed: 0 s
cpsc326.VMTests.nullSubSecondOperand -- Time elapsed: 0 s
cpsc326.VMTests.strEqual -- Time elapsed: 0 s
cpsc326.VMTests.notNullOperand -- Time elapsed: 0.001 s
cpsc326.VMTests.dblValCalledOnNull -- Time elapsed: 0.001 s
cpsc326.VMTests.equalNullSecondOperand -- Time elapsed: 0.001 s
