-------------------------------------------------------------------------------
Test set: cpsc326.SimpleParserTests
-------------------------------------------------------------------------------
Tests run: 93, Failures: 0, Errors: 0, Skipped: 0, Time elapsed: 0.065 s -- in cpsc326.SimpleParserTests
cpsc326.SimpleParserTests.moreInvolvedWhileStatement -- Time elapsed: 0 s
cpsc326.SimpleParserTests.basicPathExpressions -- Time elapsed: 0.001 s
cpsc326.SimpleParserTests.functionWithMultipleBaseTypeParams -- Time elapsed: 0 s
cpsc326.SimpleParserTests.expressionWithBadArrayIDRvalue -- Time elapsed: 0.001 s
cpsc326.SimpleParserTests.nestedStatements -- Time elapsed: 0 s
cpsc326.SimpleParserTests.missingParameterInField -- Time elapsed: 0 s
cpsc326.SimpleParserTests.simpleForStatement -- Time elapsed: 0 s
cpsc326.SimpleParserTests.missingIfBody -- Time elapsed: 0.001 s
cpsc326.SimpleParserTests.variableDefinitionsWithOutTypeAnnotations -- Time elapsed: 0 s
cpsc326.SimpleParserTests.returnWithoutExpression -- Time elapsed: 0.001 s
cpsc326.SimpleParserTests.variableDeclWithoutIdentifier -- Time elapsed: 0.001 s
cpsc326.SimpleParserTests.missingFunctionCloseBrace -- Time elapsed: 0.001 s
cpsc326.SimpleParserTests.forWithoutLoopTo -- Time elapsed: 0.001 s
cpsc326.SimpleParserTests.missingFunctionCloseParen -- Time elapsed: 0 s
cpsc326.SimpleParserTests.variableDeclWithMissingColon -- Time elapsed: 0 s
cpsc326.SimpleParserTests.missingStructCloseBrace -- Time elapsed: 0.001 s
cpsc326.SimpleParserTests.emptyFunction -- Time elapsed: 0 s
cpsc326.SimpleParserTests.missingStructID -- Time elapsed: 0.001 s
cpsc326.SimpleParserTests.basicNewExpressions -- Time elapsed: 0.001 s
cpsc326.SimpleParserTests.expressionWithBadNonArrayIDRvalue -- Time elapsed: 0 s
cpsc326.SimpleParserTests.assignWithBadNonArrayLvalue -- Time elapsed: 0 s
cpsc326.SimpleParserTests.assignWithBadArrayLvalue -- Time elapsed: 0.001 s
cpsc326.SimpleParserTests.structWithBaseTypeFields -- Time elapsed: 0.001 s
cpsc326.SimpleParserTests.exampleNegativeTest -- Time elapsed: 0.001 s
cpsc326.SimpleParserTests.exampleTestOnlyComment -- Time elapsed: 0 s
cpsc326.SimpleParserTests.emptyInput -- Time elapsed: 0 s
cpsc326.SimpleParserTests.mixOfStructsAndFunctions -- Time elapsed: 0.001 s
cpsc326.SimpleParserTests.functionOneBaseTypeParam -- Time elapsed: 0 s
cpsc326.SimpleParserTests.expressionWithTooFewClosingParens -- Time elapsed: 0.001 s
cpsc326.SimpleParserTests.mixOfStatements -- Time elapsed: 0 s
cpsc326.SimpleParserTests.multipleIfElses -- Time elapsed: 0.002 s
cpsc326.SimpleParserTests.elseWithNoBody -- Time elapsed: 0.001 s
cpsc326.SimpleParserTests.specialCaseLargeFile -- Time elapsed: 0.001 s
cpsc326.SimpleParserTests.elseWithNoIf -- Time elapsed: 0.001 s
cpsc326.SimpleParserTests.nonTerminatingWhileBody -- Time elapsed: 0.001 s
cpsc326.SimpleParserTests.functionBaseValueReturnType -- Time elapsed: 0 s
cpsc326.SimpleParserTests.forWithoutLoopFromExpression -- Time elapsed: 0 s
cpsc326.SimpleParserTests.basicLogicalExpressions -- Time elapsed: 0.001 s
cpsc326.SimpleParserTests.forWithoutLoopInformation -- Time elapsed: 0 s
cpsc326.SimpleParserTests.missingWhileBody -- Time elapsed: 0 s
cpsc326.SimpleParserTests.variableDeclarations -- Time elapsed: 0.001 s
cpsc326.SimpleParserTests.missingFunctionOpenBrace -- Time elapsed: 0 s
cpsc326.SimpleParserTests.missingFunctionOpenParen -- Time elapsed: 0.001 s
cpsc326.SimpleParserTests.missingFunctionParamID -- Time elapsed: 0.001 s
cpsc326.SimpleParserTests.assignWithMissingExpression -- Time elapsed: 0 s
cpsc326.SimpleParserTests.assignWithMissingAssignOp -- Time elapsed: 0 s
cpsc326.SimpleParserTests.simpleWhileStatement -- Time elapsed: 0 s
cpsc326.SimpleParserTests.exampleTestCase1 -- Time elapsed: 0.001 s
cpsc326.SimpleParserTests.exampleTestCase2 -- Time elapsed: 0 s
cpsc326.SimpleParserTests.basicFunctionCalls -- Time elapsed: 0 s
cpsc326.SimpleParserTests.missingColonInField -- Time elapsed: 0.001 s
cpsc326.SimpleParserTests.FEMTONALY -- Time elapsed: 0.001 s
cpsc326.SimpleParserTests.forWithoutLoopBody -- Time elapsed: 0 s
cpsc326.SimpleParserTests.forWithoutLoopFrom -- Time elapsed: 0.001 s
cpsc326.SimpleParserTests.basicArithmeticExpressions -- Time elapsed: 0 s
cpsc326.SimpleParserTests.missingFunctionParamType -- Time elapsed: 0.001 s
cpsc326.SimpleParserTests.missingWhileExpression -- Time elapsed: 0.001 s
cpsc326.SimpleParserTests.multipleIfs -- Time elapsed: 0 s
cpsc326.SimpleParserTests.functionNonBaseValueReturnType -- Time elapsed: 0 s
cpsc326.SimpleParserTests.returnVariousLiterals -- Time elapsed: 0 s
cpsc326.SimpleParserTests.expressionWithTooManyOperands -- Time elapsed: 0 s
cpsc326.SimpleParserTests.variableDefinitionsWithTypeAnnotations -- Time elapsed: 0 s
cpsc326.SimpleParserTests.variableDefinitionMissingExpression -- Time elapsed: 0 s
cpsc326.SimpleParserTests.elseOutOfOrder -- Time elapsed: 0 s
cpsc326.SimpleParserTests.exampleNegativeTestVoidInArray -- Time elapsed: 0.001 s
cpsc326.SimpleParserTests.missingFunctionParamColon -- Time elapsed: 0 s
cpsc326.SimpleParserTests.missingFunctionParamComma -- Time elapsed: 0.001 s
cpsc326.SimpleParserTests.missingIfExpression -- Time elapsed: 0.001 s
cpsc326.SimpleParserTests.forWithNonTerminatedLoopBody -- Time elapsed: 0 s
cpsc326.SimpleParserTests.expressionWithMissingOperand -- Time elapsed: 0 s
cpsc326.SimpleParserTests.forStatementWithNonLiteralRange -- Time elapsed: 0 s
cpsc326.SimpleParserTests.simpleIfWithElse -- Time elapsed: 0 s
cpsc326.SimpleParserTests.missingStructOpenBrace -- Time elapsed: 0.001 s
cpsc326.SimpleParserTests.bracesWithoutStructOrFunction -- Time elapsed: 0 s
cpsc326.SimpleParserTests.functionWithMulitpleNonBaseTypeParams -- Time elapsed: 0 s
cpsc326.SimpleParserTests.basicRelationalExpressions -- Time elapsed: 0 s
cpsc326.SimpleParserTests.simpleIfStatement -- Time elapsed: 0.001 s
cpsc326.SimpleParserTests.emptyStruct -- Time elapsed: 0 s
cpsc326.SimpleParserTests.statementOutsideFunctionOrStruct -- Time elapsed: 0.001 s
cpsc326.SimpleParserTests.nonTerminatingIfBody -- Time elapsed: 0.001 s
cpsc326.SimpleParserTests.variableDeclWithoutVar -- Time elapsed: 0.001 s
cpsc326.SimpleParserTests.missingDataTypeInField -- Time elapsed: 0.001 s
cpsc326.SimpleParserTests.variableDeclWithoutType -- Time elapsed: 0.001 s
cpsc326.SimpleParserTests.forWithoutLoopToExpression -- Time elapsed: 0.001 s
cpsc326.SimpleParserTests.missingFunctionReturnType -- Time elapsed: 0.001 s
cpsc326.SimpleParserTests.missingCommaBetweenFields -- Time elapsed: 0.001 s
cpsc326.SimpleParserTests.exampleTestLotsOfDots -- Time elapsed: 0 s
cpsc326.SimpleParserTests.elseWithNoTerminatingBody -- Time elapsed: 0.001 s
cpsc326.SimpleParserTests.expressionWithBadArrayIDValue -- Time elapsed: 0.001 s
cpsc326.SimpleParserTests.structWithNonBaseTypeFields -- Time elapsed: 0 s
cpsc326.SimpleParserTests.elseIfWithNoIf -- Time elapsed: 0 s
cpsc326.SimpleParserTests.functionOneNonBaseTypeParam -- Time elapsed: 0.001 s
cpsc326.SimpleParserTests.expressionWithTooFewOpeningParens -- Time elapsed: 0.001 s
