-------------------------------------------------------------------------------
Test set: cpsc326.ASTParserSyntaxTests
-------------------------------------------------------------------------------
Tests run: 84, Failures: 0, Errors: 0, Skipped: 0, Time elapsed: 0.110 s -- in cpsc326.ASTParserSyntaxTests
cpsc326.ASTParserSyntaxTests.moreInvolvedWhileStatement -- Time elapsed: 0.004 s
cpsc326.ASTParserSyntaxTests.basicPathExpressions -- Time elapsed: 0.001 s
cpsc326.ASTParserSyntaxTests.functionWithMultipleBaseTypeParams -- Time elapsed: 0.001 s
cpsc326.ASTParserSyntaxTests.expressionWithBadArrayIDRvalue -- Time elapsed: 0.002 s
cpsc326.ASTParserSyntaxTests.nestedStatements -- Time elapsed: 0.003 s
cpsc326.ASTParserSyntaxTests.missingParameterInField -- Time elapsed: 0.003 s
cpsc326.ASTParserSyntaxTests.simpleForStatement -- Time elapsed: 0.001 s
cpsc326.ASTParserSyntaxTests.missingIfBody -- Time elapsed: 0.003 s
cpsc326.ASTParserSyntaxTests.variableDefinitionsWithOutTypeAnnotations -- Time elapsed: 0.004 s
cpsc326.ASTParserSyntaxTests.returnWithoutExpression -- Time elapsed: 0.008 s
cpsc326.ASTParserSyntaxTests.variableDeclWithoutIdentifier -- Time elapsed: 0.002 s
cpsc326.ASTParserSyntaxTests.missingFunctionCloseBrace -- Time elapsed: 0.002 s
cpsc326.ASTParserSyntaxTests.forWithoutLoopTo -- Time elapsed: 0.001 s
cpsc326.ASTParserSyntaxTests.missingFunctionCloseParen -- Time elapsed: 0.001 s
cpsc326.ASTParserSyntaxTests.variableDeclWithMissingColon -- Time elapsed: 0.001 s
cpsc326.ASTParserSyntaxTests.missingStructCloseBrace -- Time elapsed: 0.001 s
cpsc326.ASTParserSyntaxTests.emptyFunction -- Time elapsed: 0.001 s
cpsc326.ASTParserSyntaxTests.missingStructID -- Time elapsed: 0.001 s
cpsc326.ASTParserSyntaxTests.basicNewExpressions -- Time elapsed: 0.001 s
cpsc326.ASTParserSyntaxTests.expressionWithBadNonArrayIDRvalue -- Time elapsed: 0.001 s
cpsc326.ASTParserSyntaxTests.assignWithBadNonArrayLvalue -- Time elapsed: 0.001 s
cpsc326.ASTParserSyntaxTests.assignWithBadArrayLvalue -- Time elapsed: 0 s
cpsc326.ASTParserSyntaxTests.structWithBaseTypeFields -- Time elapsed: 0 s
cpsc326.ASTParserSyntaxTests.emptyInput -- Time elapsed: 0.001 s
cpsc326.ASTParserSyntaxTests.mixOfStructsAndFunctions -- Time elapsed: 0 s
cpsc326.ASTParserSyntaxTests.functionOneBaseTypeParam -- Time elapsed: 0 s
cpsc326.ASTParserSyntaxTests.expressionWithTooFewClosingParens -- Time elapsed: 0.001 s
cpsc326.ASTParserSyntaxTests.mixOfStatements -- Time elapsed: 0 s
cpsc326.ASTParserSyntaxTests.multipleIfElses -- Time elapsed: 0.001 s
cpsc326.ASTParserSyntaxTests.elseWithNoBody -- Time elapsed: 0.001 s
cpsc326.ASTParserSyntaxTests.elseWithNoIf -- Time elapsed: 0.001 s
cpsc326.ASTParserSyntaxTests.nonTerminatingWhileBody -- Time elapsed: 0.001 s
cpsc326.ASTParserSyntaxTests.functionBaseValueReturnType -- Time elapsed: 0 s
cpsc326.ASTParserSyntaxTests.forWithoutLoopFromExpression -- Time elapsed: 0.001 s
cpsc326.ASTParserSyntaxTests.basicLogicalExpressions -- Time elapsed: 0.002 s
cpsc326.ASTParserSyntaxTests.forWithoutLoopInformation -- Time elapsed: 0.001 s
cpsc326.ASTParserSyntaxTests.missingWhileBody -- Time elapsed: 0.001 s
cpsc326.ASTParserSyntaxTests.variableDeclarations -- Time elapsed: 0 s
cpsc326.ASTParserSyntaxTests.missingFunctionOpenBrace -- Time elapsed: 0 s
cpsc326.ASTParserSyntaxTests.missingFunctionOpenParen -- Time elapsed: 0 s
cpsc326.ASTParserSyntaxTests.missingFunctionParamID -- Time elapsed: 0.001 s
cpsc326.ASTParserSyntaxTests.assignWithMissingExpression -- Time elapsed: 0.001 s
cpsc326.ASTParserSyntaxTests.assignWithMissingAssignOp -- Time elapsed: 0.001 s
cpsc326.ASTParserSyntaxTests.simpleWhileStatement -- Time elapsed: 0.001 s
cpsc326.ASTParserSyntaxTests.basicFunctionCalls -- Time elapsed: 0.001 s
cpsc326.ASTParserSyntaxTests.missingColonInField -- Time elapsed: 0.001 s
cpsc326.ASTParserSyntaxTests.forWithoutLoopBody -- Time elapsed: 0.001 s
cpsc326.ASTParserSyntaxTests.forWithoutLoopFrom -- Time elapsed: 0.001 s
cpsc326.ASTParserSyntaxTests.basicArithmeticExpressions -- Time elapsed: 0 s
cpsc326.ASTParserSyntaxTests.missingFunctionParamType -- Time elapsed: 0 s
cpsc326.ASTParserSyntaxTests.missingWhileExpression -- Time elapsed: 0.001 s
cpsc326.ASTParserSyntaxTests.multipleIfs -- Time elapsed: 0 s
cpsc326.ASTParserSyntaxTests.functionNonBaseValueReturnType -- Time elapsed: 0 s
cpsc326.ASTParserSyntaxTests.returnVariousLiterals -- Time elapsed: 0.001 s
cpsc326.ASTParserSyntaxTests.expressionWithTooManyOperands -- Time elapsed: 0.001 s
cpsc326.ASTParserSyntaxTests.variableDefinitionsWithTypeAnnotations -- Time elapsed: 0.001 s
cpsc326.ASTParserSyntaxTests.variableDefinitionMissingExpression -- Time elapsed: 0.001 s
cpsc326.ASTParserSyntaxTests.elseOutOfOrder -- Time elapsed: 0.001 s
cpsc326.ASTParserSyntaxTests.missingFunctionParamColon -- Time elapsed: 0.001 s
cpsc326.ASTParserSyntaxTests.missingFunctionParamComma -- Time elapsed: 0 s
cpsc326.ASTParserSyntaxTests.missingIfExpression -- Time elapsed: 0.001 s
cpsc326.ASTParserSyntaxTests.forWithNonTerminatedLoopBody -- Time elapsed: 0.001 s
cpsc326.ASTParserSyntaxTests.expressionWithMissingOperand -- Time elapsed: 0.001 s
cpsc326.ASTParserSyntaxTests.forStatementWithNonLiteralRange -- Time elapsed: 0 s
cpsc326.ASTParserSyntaxTests.simpleIfWithElse -- Time elapsed: 0 s
cpsc326.ASTParserSyntaxTests.missingStructOpenBrace -- Time elapsed: 0.001 s
cpsc326.ASTParserSyntaxTests.bracesWithoutStructOrFunction -- Time elapsed: 0.001 s
cpsc326.ASTParserSyntaxTests.functionWithMulitpleNonBaseTypeParams -- Time elapsed: 0 s
cpsc326.ASTParserSyntaxTests.basicRelationalExpressions -- Time elapsed: 0 s
cpsc326.ASTParserSyntaxTests.simpleIfStatement -- Time elapsed: 0 s
cpsc326.ASTParserSyntaxTests.emptyStruct -- Time elapsed: 0 s
cpsc326.ASTParserSyntaxTests.statementOutsideFunctionOrStruct -- Time elapsed: 0.001 s
cpsc326.ASTParserSyntaxTests.nonTerminatingIfBody -- Time elapsed: 0.001 s
cpsc326.ASTParserSyntaxTests.variableDeclWithoutVar -- Time elapsed: 0.001 s
cpsc326.ASTParserSyntaxTests.missingDataTypeInField -- Time elapsed: 0 s
cpsc326.ASTParserSyntaxTests.variableDeclWithoutType -- Time elapsed: 0 s
cpsc326.ASTParserSyntaxTests.forWithoutLoopToExpression -- Time elapsed: 0.001 s
cpsc326.ASTParserSyntaxTests.missingFunctionReturnType -- Time elapsed: 0 s
cpsc326.ASTParserSyntaxTests.missingCommaBetweenFields -- Time elapsed: 0 s
cpsc326.ASTParserSyntaxTests.elseWithNoTerminatingBody -- Time elapsed: 0 s
cpsc326.ASTParserSyntaxTests.structWithNonBaseTypeFields -- Time elapsed: 0 s
cpsc326.ASTParserSyntaxTests.elseIfWithNoIf -- Time elapsed: 0.001 s
cpsc326.ASTParserSyntaxTests.functionOneNonBaseTypeParam -- Time elapsed: 0.001 s
cpsc326.ASTParserSyntaxTests.expressionWithTooFewOpeningParens -- Time elapsed: 0.001 s
