<?xml version="1.0" encoding="UTF-8"?>
<testsuite xmlns:xsi="http://www.w3.org/2001/XMLSchema-instance" xsi:noNamespaceSchemaLocation="https://maven.apache.org/surefire/maven-surefire-plugin/xsd/surefire-test-report.xsd" version="3.0.2" name="cpsc326.VMTests" time="0.075" tests="108" errors="0" skipped="0" failures="0">
  <properties>
[...]
</properties>
  <testcase name="createTwoArrays" classname="cpsc326.VMTests" time="0.0"/>
  <testcase name="lessEqualNullFirstOperand" classname="cpsc326.VMTests" time="0.001"/>
  <testcase name="stringGetWithNullIndex" classname="cpsc326.VMTests" time="0.001"/>
  <testcase name="arrayFieldUpdate" classname="cpsc326.VMTests" time="0.0"/>
  <testcase name="functionReturnsLiteral" classname="cpsc326.VMTests" time="0.001"/>
  <testcase name="dblEqual" classname="cpsc326.VMTests" time="0.0"/>
  <testcase name="nullDivFirstOperand" classname="cpsc326.VMTests" time="0.001"/>
  <testcase name="orNullFirstOperand" classname="cpsc326.VMTests" time="0.0"/>
  <testcase name="intLessThanEqual" classname="cpsc326.VMTests" time="0.0"/>
  <testcase name="singleWrite" classname="cpsc326.VMTests" time="0.0"/>
  <testcase name="intNotEqual" classname="cpsc326.VMTests" time="0.0"/>
  <testcase name="dblNotEqual" classname="cpsc326.VMTests" time="0.001"/>
  <testcase name="nullDivSecondOperand" classname="cpsc326.VMTests" time="0.001"/>
  <testcase name="notEqualNullBothOperands" classname="cpsc326.VMTests" time="0.0"/>
  <testcase name="createOneFieldStruct" classname="cpsc326.VMTests" time="0.001"/>
  <testcase name="singleDup" classname="cpsc326.VMTests" time="0.0"/>
  <testcase name="singleNop" classname="cpsc326.VMTests" time="0.001"/>
  <testcase name="singlePop" classname="cpsc326.VMTests" time="0.0"/>
  <testcase name="AddBothNull" classname="cpsc326.VMTests" time="0.001"/>
  <testcase name="invalidNullArrayIndexSetField" classname="cpsc326.VMTests" time="0.001"/>
  <testcase name="intDivByZero" classname="cpsc326.VMTests" time="0.001"/>
  <testcase name="writeNull" classname="cpsc326.VMTests" time="0.002"/>
  <testcase name="arraySizeCalls" classname="cpsc326.VMTests" time="0.001"/>
  <testcase name="functionPrintsTwoParameters" classname="cpsc326.VMTests" time="0.0"/>
  <testcase name="lessThanNullSecondOperand" classname="cpsc326.VMTests" time="0.001"/>
  <testcase name="dblAdd" classname="cpsc326.VMTests" time="0.0"/>
  <testcase name="dblDiv" classname="cpsc326.VMTests" time="0.001"/>
  <testcase name="dblMul" classname="cpsc326.VMTests" time="0.0"/>
  <testcase name="dblSub" classname="cpsc326.VMTests" time="0.0"/>
  <testcase name="intLessThan" classname="cpsc326.VMTests" time="0.0"/>
  <testcase name="intAdd" classname="cpsc326.VMTests" time="0.0"/>
  <testcase name="intDiv" classname="cpsc326.VMTests" time="0.0"/>
  <testcase name="intMul" classname="cpsc326.VMTests" time="0.001"/>
  <testcase name="intSub" classname="cpsc326.VMTests" time="0.0"/>
  <testcase name="dblLessThan" classname="cpsc326.VMTests" time="0.001"/>
  <testcase name="strLessThanEqual" classname="cpsc326.VMTests" time="0.0"/>
  <testcase name="createTwoOneFieldStructs" classname="cpsc326.VMTests" time="0.001"/>
  <testcase name="callMultipleFunctions" classname="cpsc326.VMTests" time="0.0"/>
  <testcase name="strAdd" classname="cpsc326.VMTests" time="0.001"/>
  <testcase name="equalNullBothOperands" classname="cpsc326.VMTests" time="0.0"/>
  <testcase name="nullSubFirstOperand" classname="cpsc326.VMTests" time="0.001"/>
  <testcase name="invalidArrayAccessWithNullIndex" classname="cpsc326.VMTests" time="0.001"/>
  <testcase name="lessThanNullFirstOperand" classname="cpsc326.VMTests" time="0.001"/>
  <testcase name="arraySetFieldWithIndexTooLarge" classname="cpsc326.VMTests" time="0.001"/>
  <testcase name="arraySetFieldWithIndexTooSmall" classname="cpsc326.VMTests" time="0.001"/>
  <testcase name="orNullSecondOperand" classname="cpsc326.VMTests" time="0.001"/>
  <testcase name="lessThanEqualNullSecondOperand" classname="cpsc326.VMTests" time="0.001"/>
  <testcase name="functionSubtractsItsTwoParameters" classname="cpsc326.VMTests" time="0.0"/>
  <testcase name="nullObjectInCallToSize" classname="cpsc326.VMTests" time="0.0"/>
  <testcase name="stringGetIndexTooBig" classname="cpsc326.VMTests" time="0.001"/>
  <testcase name="sumUsingRecursion" classname="cpsc326.VMTests" time="0.001"/>
  <testcase name="intValCalls" classname="cpsc326.VMTests" time="0.0"/>
  <testcase name="dblDivByZero" classname="cpsc326.VMTests" time="0.002"/>
  <testcase name="dblValCalls" classname="cpsc326.VMTests" time="0.0"/>
  <testcase name="dblLessThanEqual" classname="cpsc326.VMTests" time="0.0"/>
  <testcase name="stringGetWithNullString" classname="cpsc326.VMTests" time="0.001"/>
  <testcase name="stringSizeCalls" classname="cpsc326.VMTests" time="0.0"/>
  <testcase name="simpleArrayAccess" classname="cpsc326.VMTests" time="0.0"/>
  <testcase name="functionReturnsModifiedParameter" classname="cpsc326.VMTests" time="0.0"/>
  <testcase name="strValCalledOnNull" classname="cpsc326.VMTests" time="0.001"/>
  <testcase name="nullMulSecondOperand" classname="cpsc326.VMTests" time="0.001"/>
  <testcase name="arrayLoopWithUpdates" classname="cpsc326.VMTests" time="0.0"/>
  <testcase name="strNotEqual" classname="cpsc326.VMTests" time="0.0"/>
  <testcase name="setFieldOnNullObject" classname="cpsc326.VMTests" time="0.0"/>
  <testcase name="notEqualNullFirstOperand" classname="cpsc326.VMTests" time="0.0"/>
  <testcase name="or" classname="cpsc326.VMTests" time="0.0"/>
  <testcase name="and" classname="cpsc326.VMTests" time="0.0"/>
  <testcase name="not" classname="cpsc326.VMTests" time="0.0"/>
  <testcase name="nullMulFirstOperand" classname="cpsc326.VMTests" time="0.0"/>
  <testcase name="invalidNullArraySetField" classname="cpsc326.VMTests" time="0.001"/>
  <testcase name="mainReturnsNull" classname="cpsc326.VMTests" time="0.0"/>
  <testcase name="StringToString" classname="cpsc326.VMTests" time="0.001"/>
  <testcase name="andNullSecondOperand" classname="cpsc326.VMTests" time="0.001"/>
  <testcase name="storeAndLoad" classname="cpsc326.VMTests" time="0.0"/>
  <testcase name="arrayFieldStoreNull" classname="cpsc326.VMTests" time="0.0"/>
  <testcase name="badStoreIndex" classname="cpsc326.VMTests" time="0.001"/>
  <testcase name="stringGetIndexTooSmall" classname="cpsc326.VMTests" time="0.001"/>
  <testcase name="dblValCalledOnBadString" classname="cpsc326.VMTests" time="0.0"/>
  <testcase name="jumpForward" classname="cpsc326.VMTests" time="0.0"/>
  <testcase name="strLessThan" classname="cpsc326.VMTests" time="0.0"/>
  <testcase name="intValCalledOnNull" classname="cpsc326.VMTests" time="0.0"/>
  <testcase name="stringGetCalls" classname="cpsc326.VMTests" time="0.001"/>
  <testcase name="intEqual" classname="cpsc326.VMTests" time="0.0"/>
  <testcase name="getFieldOnNullObject" classname="cpsc326.VMTests" time="0.001"/>
  <testcase name="createOneTwoFieldStruct" classname="cpsc326.VMTests" time="0.001"/>
  <testcase name="equalNullFirstOperand" classname="cpsc326.VMTests" time="0.0"/>
  <testcase name="invalidArrayCreationIntLength" classname="cpsc326.VMTests" time="0.001"/>
  <testcase name="IntToString" classname="cpsc326.VMTests" time="0.001"/>
  <testcase name="createTwoNoFieldStructs" classname="cpsc326.VMTests" time="0.0"/>
  <testcase name="intValCalledOnBadString" classname="cpsc326.VMTests" time="0.001"/>
  <testcase name="jumpFalseNoJump" classname="cpsc326.VMTests" time="0.0"/>
  <testcase name="invalidArrayCreationNullLength" classname="cpsc326.VMTests" time="0.001"/>
  <testcase name="strValCalls" classname="cpsc326.VMTests" time="0.0"/>
  <testcase name="invalidNullArrayAccess" classname="cpsc326.VMTests" time="0.001"/>
  <testcase name="jumpBackwards" classname="cpsc326.VMTests" time="0.001"/>
  <testcase name="andNullFirstOperand" classname="cpsc326.VMTests" time="0.0"/>
  <testcase name="nullAddSecondOperand" classname="cpsc326.VMTests" time="0.001"/>
  <testcase name="notEqualNullSecondOperand" classname="cpsc326.VMTests" time="0.0"/>
  <testcase name="invalidArrayAccessWithIndexTooLarge" classname="cpsc326.VMTests" time="0.0"/>
  <testcase name="invalidArrayAccessWithIndexTooSmall" classname="cpsc326.VMTests" time="0.001"/>
  <testcase name="nullAddFirstOperand" classname="cpsc326.VMTests" time="0.001"/>
  <testcase name="BooleanToString" classname="cpsc326.VMTests" time="0.0"/>
  <testcase name="jumpFalseForward" classname="cpsc326.VMTests" time="0.0"/>
  <testcase name="nullSubSecondOperand" classname="cpsc326.VMTests" time="0.0"/>
  <testcase name="strEqual" classname="cpsc326.VMTests" time="0.0"/>
  <testcase name="notNullOperand" classname="cpsc326.VMTests" time="0.001"/>
  <testcase name="dblValCalledOnNull" classname="cpsc326.VMTests" time="0.001"/>
  <testcase name="equalNullSecondOperand" classname="cpsc326.VMTests" time="0.001"/>
</testsuite>