<?xml version="1.0" encoding="UTF-8"?>
<testsuite xmlns:xsi="http://www.w3.org/2001/XMLSchema-instance" xsi:noNamespaceSchemaLocation="https://maven.apache.org/surefire/maven-surefire-plugin/xsd/surefire-test-report.xsd" version="3.0.2" name="cpsc326.ASTParserSyntaxTests" time="0.11" tests="84" errors="0" skipped="0" failures="0">
  <properties>
[...]
</properties>
  <testcase name="moreInvolvedWhileStatement" classname="cpsc326.ASTParserSyntaxTests" time="0.004"/>
  <testcase name="basicPathExpressions" classname="cpsc326.ASTParserSyntaxTests" time="0.001"/>
  <testcase name="functionWithMultipleBaseTypeParams" classname="cpsc326.ASTParserSyntaxTests" time="0.001"/>
  <testcase name="expressionWithBadArrayIDRvalue" classname="cpsc326.ASTParserSyntaxTests" time="0.002"/>
  <testcase name="nestedStatements" classname="cpsc326.ASTParserSyntaxTests" time="0.003"/>
  <testcase name="missingParameterInField" classname="cpsc326.ASTParserSyntaxTests" time="0.003"/>
  <testcase name="simpleForStatement" classname="cpsc326.ASTParserSyntaxTests" time="0.001"/>
  <testcase name="missingIfBody" classname="cpsc326.ASTParserSyntaxTests" time="0.003"/>
  <testcase name="variableDefinitionsWithOutTypeAnnotations" classname="cpsc326.ASTParserSyntaxTests" time="0.004"/>
  <testcase name="returnWithoutExpression" classname="cpsc326.ASTParserSyntaxTests" time="0.008"/>
  <testcase name="variableDeclWithoutIdentifier" classname="cpsc326.ASTParserSyntaxTests" time="0.002"/>
  <testcase name="missingFunctionCloseBrace" classname="cpsc326.ASTParserSyntaxTests" time="0.002"/>
  <testcase name="forWithoutLoopTo" classname="cpsc326.ASTParserSyntaxTests" time="0.001"/>
  <testcase name="missingFunctionCloseParen" classname="cpsc326.ASTParserSyntaxTests" time="0.001"/>
  <testcase name="variableDeclWithMissingColon" classname="cpsc326.ASTParserSyntaxTests" time="0.001"/>
  <testcase name="missingStructCloseBrace" classname="cpsc326.ASTParserSyntaxTests" time="0.001"/>
  <testcase name="emptyFunction" classname="cpsc326.ASTParserSyntaxTests" time="0.001"/>
  <testcase name="missingStructID" classname="cpsc326.ASTParserSyntaxTests" time="0.001"/>
  <testcase name="basicNewExpressions" classname="cpsc326.ASTParserSyntaxTests" time="0.001"/>
  <testcase name="expressionWithBadNonArrayIDRvalue" classname="cpsc326.ASTParserSyntaxTests" time="0.001"/>
  <testcase name="assignWithBadNonArrayLvalue" classname="cpsc326.ASTParserSyntaxTests" time="0.001"/>
  <testcase name="assignWithBadArrayLvalue" classname="cpsc326.ASTParserSyntaxTests" time="0.0"/>
  <testcase name="structWithBaseTypeFields" classname="cpsc326.ASTParserSyntaxTests" time="0.0"/>
  <testcase name="emptyInput" classname="cpsc326.ASTParserSyntaxTests" time="0.001"/>
  <testcase name="mixOfStructsAndFunctions" classname="cpsc326.ASTParserSyntaxTests" time="0.0"/>
  <testcase name="functionOneBaseTypeParam" classname="cpsc326.ASTParserSyntaxTests" time="0.0"/>
  <testcase name="expressionWithTooFewClosingParens" classname="cpsc326.ASTParserSyntaxTests" time="0.001"/>
  <testcase name="mixOfStatements" classname="cpsc326.ASTParserSyntaxTests" time="0.0"/>
  <testcase name="multipleIfElses" classname="cpsc326.ASTParserSyntaxTests" time="0.001"/>
  <testcase name="elseWithNoBody" classname="cpsc326.ASTParserSyntaxTests" time="0.001"/>
  <testcase name="elseWithNoIf" classname="cpsc326.ASTParserSyntaxTests" time="0.001"/>
  <testcase name="nonTerminatingWhileBody" classname="cpsc326.ASTParserSyntaxTests" time="0.001"/>
  <testcase name="functionBaseValueReturnType" classname="cpsc326.ASTParserSyntaxTests" time="0.0"/>
  <testcase name="forWithoutLoopFromExpression" classname="cpsc326.ASTParserSyntaxTests" time="0.001"/>
  <testcase name="basicLogicalExpressions" classname="cpsc326.ASTParserSyntaxTests" time="0.002"/>
  <testcase name="forWithoutLoopInformation" classname="cpsc326.ASTParserSyntaxTests" time="0.001"/>
  <testcase name="missingWhileBody" classname="cpsc326.ASTParserSyntaxTests" time="0.001"/>
  <testcase name="variableDeclarations" classname="cpsc326.ASTParserSyntaxTests" time="0.0"/>
  <testcase name="missingFunctionOpenBrace" classname="cpsc326.ASTParserSyntaxTests" time="0.0"/>
  <testcase name="missingFunctionOpenParen" classname="cpsc326.ASTParserSyntaxTests" time="0.0"/>
  <testcase name="missingFunctionParamID" classname="cpsc326.ASTParserSyntaxTests" time="0.001"/>
  <testcase name="assignWithMissingExpression" classname="cpsc326.ASTParserSyntaxTests" time="0.001"/>
  <testcase name="assignWithMissingAssignOp" classname="cpsc326.ASTParserSyntaxTests" time="0.001"/>
  <testcase name="simpleWhileStatement" classname="cpsc326.ASTParserSyntaxTests" time="0.001"/>
  <testcase name="basicFunctionCalls" classname="cpsc326.ASTParserSyntaxTests" time="0.001"/>
  <testcase name="missingColonInField" classname="cpsc326.ASTParserSyntaxTests" time="0.001"/>
  <testcase name="forWithoutLoopBody" classname="cpsc326.ASTParserSyntaxTests" time="0.001"/>
  <testcase name="forWithoutLoopFrom" classname="cpsc326.ASTParserSyntaxTests" time="0.001"/>
  <testcase name="basicArithmeticExpressions" classname="cpsc326.ASTParserSyntaxTests" time="0.0"/>
  <testcase name="missingFunctionParamType" classname="cpsc326.ASTParserSyntaxTests" time="0.0"/>
  <testcase name="missingWhileExpression" classname="cpsc326.ASTParserSyntaxTests" time="0.001"/>
  <testcase name="multipleIfs" classname="cpsc326.ASTParserSyntaxTests" time="0.0"/>
  <testcase name="functionNonBaseValueReturnType" classname="cpsc326.ASTParserSyntaxTests" time="0.0"/>
  <testcase name="returnVariousLiterals" classname="cpsc326.ASTParserSyntaxTests" time="0.001"/>
  <testcase name="expressionWithTooManyOperands" classname="cpsc326.ASTParserSyntaxTests" time="0.001"/>
  <testcase name="variableDefinitionsWithTypeAnnotations" classname="cpsc326.ASTParserSyntaxTests" time="0.001"/>
  <testcase name="variableDefinitionMissingExpression" classname="cpsc326.ASTParserSyntaxTests" time="0.001"/>
  <testcase name="elseOutOfOrder" classname="cpsc326.ASTParserSyntaxTests" time="0.001"/>
  <testcase name="missingFunctionParamColon" classname="cpsc326.ASTParserSyntaxTests" time="0.001"/>
  <testcase name="missingFunctionParamComma" classname="cpsc326.ASTParserSyntaxTests" time="0.0"/>
  <testcase name="missingIfExpression" classname="cpsc326.ASTParserSyntaxTests" time="0.001"/>
  <testcase name="forWithNonTerminatedLoopBody" classname="cpsc326.ASTParserSyntaxTests" time="0.001"/>
  <testcase name="expressionWithMissingOperand" classname="cpsc326.ASTParserSyntaxTests" time="0.001"/>
  <testcase name="forStatementWithNonLiteralRange" classname="cpsc326.ASTParserSyntaxTests" time="0.0"/>
  <testcase name="simpleIfWithElse" classname="cpsc326.ASTParserSyntaxTests" time="0.0"/>
  <testcase name="missingStructOpenBrace" classname="cpsc326.ASTParserSyntaxTests" time="0.001"/>
  <testcase name="bracesWithoutStructOrFunction" classname="cpsc326.ASTParserSyntaxTests" time="0.001"/>
  <testcase name="functionWithMulitpleNonBaseTypeParams" classname="cpsc326.ASTParserSyntaxTests" time="0.0"/>
  <testcase name="basicRelationalExpressions" classname="cpsc326.ASTParserSyntaxTests" time="0.0"/>
  <testcase name="simpleIfStatement" classname="cpsc326.ASTParserSyntaxTests" time="0.0"/>
  <testcase name="emptyStruct" classname="cpsc326.ASTParserSyntaxTests" time="0.0"/>
  <testcase name="statementOutsideFunctionOrStruct" classname="cpsc326.ASTParserSyntaxTests" time="0.001"/>
  <testcase name="nonTerminatingIfBody" classname="cpsc326.ASTParserSyntaxTests" time="0.001"/>
  <testcase name="variableDeclWithoutVar" classname="cpsc326.ASTParserSyntaxTests" time="0.001"/>
  <testcase name="missingDataTypeInField" classname="cpsc326.ASTParserSyntaxTests" time="0.0"/>
  <testcase name="variableDeclWithoutType" classname="cpsc326.ASTParserSyntaxTests" time="0.0"/>
  <testcase name="forWithoutLoopToExpression" classname="cpsc326.ASTParserSyntaxTests" time="0.001"/>
  <testcase name="missingFunctionReturnType" classname="cpsc326.ASTParserSyntaxTests" time="0.0"/>
  <testcase name="missingCommaBetweenFields" classname="cpsc326.ASTParserSyntaxTests" time="0.0"/>
  <testcase name="elseWithNoTerminatingBody" classname="cpsc326.ASTParserSyntaxTests" time="0.0"/>
  <testcase name="structWithNonBaseTypeFields" classname="cpsc326.ASTParserSyntaxTests" time="0.0"/>
  <testcase name="elseIfWithNoIf" classname="cpsc326.ASTParserSyntaxTests" time="0.001"/>
  <testcase name="functionOneNonBaseTypeParam" classname="cpsc326.ASTParserSyntaxTests" time="0.001"/>
  <testcase name="expressionWithTooFewOpeningParens" classname="cpsc326.ASTParserSyntaxTests" time="0.001"/>
</testsuite>