<?xml version="1.0" encoding="UTF-8"?>
<testsuite xmlns:xsi="http://www.w3.org/2001/XMLSchema-instance" xsi:noNamespaceSchemaLocation="https://maven.apache.org/surefire/maven-surefire-plugin/xsd/surefire-test-report.xsd" version="3.0.2" name="cpsc326.SemanticCheckerTests" time="0.169" tests="149" errors="0" skipped="0" failures="0">
  <properties>
[...]
</properties>
  <testcase name="illegalNonNullReturn" classname="cpsc326.SemanticCheckerTests" time="0.009"/>
  <testcase name="validInferedTypeVarStatements" classname="cpsc326.SemanticCheckerTests" time="0.0"/>
  <testcase name="basicIfStatements" classname="cpsc326.SemanticCheckerTests" time="0.0"/>
  <testcase name="badArrayAssignment" classname="cpsc326.SemanticCheckerTests" time="0.002"/>
  <testcase name="exprWithParens" classname="cpsc326.SemanticCheckerTests" time="0.0"/>
  <testcase name="illegalNonBoolElseIfCondition" classname="cpsc326.SemanticCheckerTests" time="0.001"/>
  <testcase name="lvalueWithWrongType" classname="cpsc326.SemanticCheckerTests" time="0.001"/>
  <testcase name="assignmentWithArrayTypeMismatch" classname="cpsc326.SemanticCheckerTests" time="0.0"/>
  <testcase name="nullPath" classname="cpsc326.SemanticCheckerTests" time="0.0"/>
  <testcase name="basicReadlnCalls" classname="cpsc326.SemanticCheckerTests" time="0.0"/>
  <testcase name="static1" classname="cpsc326.SemanticCheckerTests" time="0.0"/>
  <testcase name="static2" classname="cpsc326.SemanticCheckerTests" time="0.001"/>
  <testcase name="static3" classname="cpsc326.SemanticCheckerTests" time="0.001"/>
  <testcase name="static4" classname="cpsc326.SemanticCheckerTests" time="0.0"/>
  <testcase name="static5" classname="cpsc326.SemanticCheckerTests" time="0.001"/>
  <testcase name="static6" classname="cpsc326.SemanticCheckerTests" time="0.001"/>
  <testcase name="static7" classname="cpsc326.SemanticCheckerTests" time="0.001"/>
  <testcase name="static8" classname="cpsc326.SemanticCheckerTests" time="0.001"/>
  <testcase name="static9" classname="cpsc326.SemanticCheckerTests" time="0.0"/>
  <testcase name="createArrayWithMismatchedBaseType" classname="cpsc326.SemanticCheckerTests" time="0.01"/>
  <testcase name="getTooManyArgs" classname="cpsc326.SemanticCheckerTests" time="0.002"/>
  <testcase name="illegalBoolArrayWhileCondition" classname="cpsc326.SemanticCheckerTests" time="0.001"/>
  <testcase name="basicStructCreation" classname="cpsc326.SemanticCheckerTests" time="0.0"/>
  <testcase name="illegalLogicalOrWithString" classname="cpsc326.SemanticCheckerTests" time="0.006"/>
  <testcase name="printlnTooFewArgs" classname="cpsc326.SemanticCheckerTests" time="0.001"/>
  <testcase name="basicForStatements" classname="cpsc326.SemanticCheckerTests" time="0.0"/>
  <testcase name="rvalueWithBadArrayType" classname="cpsc326.SemanticCheckerTests" time="0.013"/>
  <testcase name="mainWithParams" classname="cpsc326.SemanticCheckerTests" time="0.001"/>
  <testcase name="dblValWrongReturnType" classname="cpsc326.SemanticCheckerTests" time="0.001"/>
  <testcase name="basicCastFunctionCalls" classname="cpsc326.SemanticCheckerTests" time="0.0"/>
  <testcase name="getWrongReturnType" classname="cpsc326.SemanticCheckerTests" time="0.001"/>
  <testcase name="illegalNullIfCondition" classname="cpsc326.SemanticCheckerTests" time="0.001"/>
  <testcase name="callWithTooManyArgs" classname="cpsc326.SemanticCheckerTests" time="0.001"/>
  <testcase name="illegalBoolArrayIfCondition" classname="cpsc326.SemanticCheckerTests" time="0.001"/>
  <testcase name="illegalArrayRelationalComparison" classname="cpsc326.SemanticCheckerTests" time="0.001"/>
  <testcase name="basicWhileStatements" classname="cpsc326.SemanticCheckerTests" time="0.001"/>
  <testcase name="combinedRelationalOperators" classname="cpsc326.SemanticCheckerTests" time="0.0"/>
  <testcase name="functionWithTwoSameNamedParams" classname="cpsc326.SemanticCheckerTests" time="0.001"/>
  <testcase name="structsMutualReference" classname="cpsc326.SemanticCheckerTests" time="0.001"/>
  <testcase name="structCreationTooManyArgs" classname="cpsc326.SemanticCheckerTests" time="0.001"/>
  <testcase name="illegalLogicalNegationWithInt" classname="cpsc326.SemanticCheckerTests" time="0.001"/>
  <testcase name="dblValWrongArgType" classname="cpsc326.SemanticCheckerTests" time="0.002"/>
  <testcase name="structCreationTooFewArgs" classname="cpsc326.SemanticCheckerTests" time="0.001"/>
  <testcase name="mismatchedNonArrayIntVarStatementTypes" classname="cpsc326.SemanticCheckerTests" time="0.001"/>
  <testcase name="assignmentWithBaseTypeMismatch" classname="cpsc326.SemanticCheckerTests" time="0.001"/>
  <testcase name="basicGetFunctionCalls" classname="cpsc326.SemanticCheckerTests" time="0.0"/>
  <testcase name="illegalNullInForFrom" classname="cpsc326.SemanticCheckerTests" time="0.002"/>
  <testcase name="sizeTooManyArgs" classname="cpsc326.SemanticCheckerTests" time="0.001"/>
  <testcase name="callWithWrongNonArrayArgType" classname="cpsc326.SemanticCheckerTests" time="0.001"/>
  <testcase name="printArrayObject" classname="cpsc326.SemanticCheckerTests" time="0.001"/>
  <testcase name="functionWithStructParam" classname="cpsc326.SemanticCheckerTests" time="0.0"/>
  <testcase name="doubleStructParams" classname="cpsc326.SemanticCheckerTests" time="0.001"/>
  <testcase name="redefinedBuiltIn" classname="cpsc326.SemanticCheckerTests" time="0.001"/>
  <testcase name="functionWithBadReturnType" classname="cpsc326.SemanticCheckerTests" time="0.001"/>
  <testcase name="printlnArrayObject" classname="cpsc326.SemanticCheckerTests" time="0.001"/>
  <testcase name="functionWithBadArrayParameterType" classname="cpsc326.SemanticCheckerTests" time="0.001"/>
  <testcase name="callWithTooFewArgs" classname="cpsc326.SemanticCheckerTests" time="0.001"/>
  <testcase name="illegalAdditionWithIntAndArray" classname="cpsc326.SemanticCheckerTests" time="0.001"/>
  <testcase name="functionWithBadParameterType" classname="cpsc326.SemanticCheckerTests" time="0.001"/>
  <testcase name="basicAssignmentStatements" classname="cpsc326.SemanticCheckerTests" time="0.0"/>
  <testcase name="exprWithNoParens" classname="cpsc326.SemanticCheckerTests" time="0.001"/>
  <testcase name="lvalueWithCorrectType" classname="cpsc326.SemanticCheckerTests" time="0.0"/>
  <testcase name="printStructObject" classname="cpsc326.SemanticCheckerTests" time="0.001"/>
  <testcase name="structCreationWrongArgType" classname="cpsc326.SemanticCheckerTests" time="0.001"/>
  <testcase name="basicSizeFunctionCalls" classname="cpsc326.SemanticCheckerTests" time="0.001"/>
  <testcase name="illegalMultiplication" classname="cpsc326.SemanticCheckerTests" time="0.001"/>
  <testcase name="illegalLogicalAndWithInt" classname="cpsc326.SemanticCheckerTests" time="0.001"/>
  <testcase name="illegalNonArrayRelationalComparison" classname="cpsc326.SemanticCheckerTests" time="0.001"/>
  <testcase name="sizeWrongReturnType" classname="cpsc326.SemanticCheckerTests" time="0.001"/>
  <testcase name="intValTooFewArgs" classname="cpsc326.SemanticCheckerTests" time="0.001"/>
  <testcase name="validFullBaseTypeArrayVarStatements" classname="cpsc326.SemanticCheckerTests" time="0.001"/>
  <testcase name="callWithTwoParamsAndTooManyArgs" classname="cpsc326.SemanticCheckerTests" time="0.0"/>
  <testcase name="oneIllegalExecutionPath" classname="cpsc326.SemanticCheckerTests" time="0.0"/>
  <testcase name="basicFunctionCalls" classname="cpsc326.SemanticCheckerTests" time="0.0"/>
  <testcase name="basicStructPathExamples" classname="cpsc326.SemanticCheckerTests" time="0.0"/>
  <testcase name="twoFunctionsWithSameName" classname="cpsc326.SemanticCheckerTests" time="0.001"/>
  <testcase name="badArrayAccessNull" classname="cpsc326.SemanticCheckerTests" time="0.001"/>
  <testcase name="getWrongSecondArgType" classname="cpsc326.SemanticCheckerTests" time="0.0"/>
  <testcase name="illegalArrayWithAddition" classname="cpsc326.SemanticCheckerTests" time="0.001"/>
  <testcase name="arrayAccess" classname="cpsc326.SemanticCheckerTests" time="0.001"/>
  <testcase name="smallestValidProgram" classname="cpsc326.SemanticCheckerTests" time="0.0"/>
  <testcase name="illegalLifetimeinElse" classname="cpsc326.SemanticCheckerTests" time="0.001"/>
  <testcase name="strValTooManyArgs" classname="cpsc326.SemanticCheckerTests" time="0.001"/>
  <testcase name="mismatchedNonArrayDoubleVarStatementTypes" classname="cpsc326.SemanticCheckerTests" time="0.001"/>
  <testcase name="getWrongFirstArgType" classname="cpsc326.SemanticCheckerTests" time="0.001"/>
  <testcase name="basicRelationalOperators" classname="cpsc326.SemanticCheckerTests" time="0.0"/>
  <testcase name="getTooFewArgs" classname="cpsc326.SemanticCheckerTests" time="0.001"/>
  <testcase name="illegalNonBoolIfCondition" classname="cpsc326.SemanticCheckerTests" time="0.001"/>
  <testcase name="callToUndeclaredFunction" classname="cpsc326.SemanticCheckerTests" time="0.0"/>
  <testcase name="strValTooFewArgs" classname="cpsc326.SemanticCheckerTests" time="0.0"/>
  <testcase name="illegalAdditionUsingBools" classname="cpsc326.SemanticCheckerTests" time="0.001"/>
  <testcase name="rvalueWithCorrectArrayType" classname="cpsc326.SemanticCheckerTests" time="0.0"/>
  <testcase name="printTooFewArgs" classname="cpsc326.SemanticCheckerTests" time="0.001"/>
  <testcase name="illegalSubtractionWithNull" classname="cpsc326.SemanticCheckerTests" time="0.001"/>
  <testcase name="exprWithParensAndVars" classname="cpsc326.SemanticCheckerTests" time="0.001"/>
  <testcase name="callWithWrongArrayReturnType" classname="cpsc326.SemanticCheckerTests" time="0.0"/>
  <testcase name="structWithTwoFieldsHavingSameName" classname="cpsc326.SemanticCheckerTests" time="0.0"/>
  <testcase name="intValWrongReturnType" classname="cpsc326.SemanticCheckerTests" time="0.002"/>
  <testcase name="doublePath" classname="cpsc326.SemanticCheckerTests" time="0.0"/>
  <testcase name="arrayCreation" classname="cpsc326.SemanticCheckerTests" time="0.001"/>
  <testcase name="readlnWrongReturnType" classname="cpsc326.SemanticCheckerTests" time="0.001"/>
  <testcase name="assignmentWithBaseTypeToArrayTypeMismatch" classname="cpsc326.SemanticCheckerTests" time="0.001"/>
  <testcase name="rvalueWithCorrectType" classname="cpsc326.SemanticCheckerTests" time="0.001"/>
  <testcase name="callWithWrongNonArrayReturnType" classname="cpsc326.SemanticCheckerTests" time="0.001"/>
  <testcase name="illegalBoolInForFrom" classname="cpsc326.SemanticCheckerTests" time="0.001"/>
  <testcase name="printlnStructObject" classname="cpsc326.SemanticCheckerTests" time="0.001"/>
  <testcase name="readlnTooManyArgs" classname="cpsc326.SemanticCheckerTests" time="0.002"/>
  <testcase name="illegalDoubleInForTo" classname="cpsc326.SemanticCheckerTests" time="0.001"/>
  <testcase name="strValWrongArgType" classname="cpsc326.SemanticCheckerTests" time="0.001"/>
  <testcase name="basicFunctionReturnStatements" classname="cpsc326.SemanticCheckerTests" time="0.0"/>
  <testcase name="badArrayAccess" classname="cpsc326.SemanticCheckerTests" time="0.001"/>
  <testcase name="mismatchedArrayIntVarStatementTypes" classname="cpsc326.SemanticCheckerTests" time="0.001"/>
  <testcase name="illegalLifetimeAfterWhile" classname="cpsc326.SemanticCheckerTests" time="0.001"/>
  <testcase name="callWithTwoParamsaAndTooFewArgs" classname="cpsc326.SemanticCheckerTests" time="0.001"/>
  <testcase name="dblValTooFewArgs" classname="cpsc326.SemanticCheckerTests" time="0.001"/>
  <testcase name="missingMain" classname="cpsc326.SemanticCheckerTests" time="0.001"/>
  <testcase name="structVoidTypeParams" classname="cpsc326.SemanticCheckerTests" time="0.0"/>
  <testcase name="localShadow" classname="cpsc326.SemanticCheckerTests" time="0.0"/>
  <testcase name="structSelfReference" classname="cpsc326.SemanticCheckerTests" time="0.0"/>
  <testcase name="twoStructsWithSameName" classname="cpsc326.SemanticCheckerTests" time="0.001"/>
  <testcase name="intValTooManyArgs" classname="cpsc326.SemanticCheckerTests" time="0.001"/>
  <testcase name="illegalIntWhileCondition" classname="cpsc326.SemanticCheckerTests" time="0.0"/>
  <testcase name="sizeTooFewArgs" classname="cpsc326.SemanticCheckerTests" time="0.0"/>
  <testcase name="basicPrintCalls" classname="cpsc326.SemanticCheckerTests" time="0.001"/>
  <testcase name="validFunctionDefs" classname="cpsc326.SemanticCheckerTests" time="0.0"/>
  <testcase name="rvalueWithWrongType" classname="cpsc326.SemanticCheckerTests" time="0.001"/>
  <testcase name="callWithWrongArrayArgType" classname="cpsc326.SemanticCheckerTests" time="0.001"/>
  <testcase name="arrayComparisons" classname="cpsc326.SemanticCheckerTests" time="0.0"/>
  <testcase name="createArrayWithMismatchedStructType" classname="cpsc326.SemanticCheckerTests" time="0.001"/>
  <testcase name="illegalLifetimeAfterFor" classname="cpsc326.SemanticCheckerTests" time="0.001"/>
  <testcase name="dblValTooManyArgs" classname="cpsc326.SemanticCheckerTests" time="0.0"/>
  <testcase name="validFullBaseTypeVarStatements" classname="cpsc326.SemanticCheckerTests" time="0.0"/>
  <testcase name="illegalShadowing" classname="cpsc326.SemanticCheckerTests" time="0.001"/>
  <testcase name="structWithUndefinedFieldType" classname="cpsc326.SemanticCheckerTests" time="0.001"/>
  <testcase name="validVarStatementsWithoutDefs" classname="cpsc326.SemanticCheckerTests" time="0.0"/>
  <testcase name="functionWithBadArrayReturnType" classname="cpsc326.SemanticCheckerTests" time="0.001"/>
  <testcase name="printTooManyArgs" classname="cpsc326.SemanticCheckerTests" time="0.001"/>
  <testcase name="unableToInferType" classname="cpsc326.SemanticCheckerTests" time="0.0"/>
  <testcase name="basicAllowedShadowing" classname="cpsc326.SemanticCheckerTests" time="0.0"/>
  <testcase name="printlnTooManyArgs" classname="cpsc326.SemanticCheckerTests" time="0.001"/>
  <testcase name="intValWrongArgType" classname="cpsc326.SemanticCheckerTests" time="0.0"/>
  <testcase name="validStructDefs" classname="cpsc326.SemanticCheckerTests" time="0.0"/>
  <testcase name="lvalueWithBadArrayType" classname="cpsc326.SemanticCheckerTests" time="0.001"/>
  <testcase name="structAndFunctionWithSameName" classname="cpsc326.SemanticCheckerTests" time="0.0"/>
  <testcase name="sizeWrongArgType" classname="cpsc326.SemanticCheckerTests" time="0.001"/>
  <testcase name="strValWrongReturnType" classname="cpsc326.SemanticCheckerTests" time="0.0"/>
  <testcase name="mainWithWrongReturnType" classname="cpsc326.SemanticCheckerTests" time="0.001"/>
  <testcase name="callWithWrongArrayArgToNonArrayParamType" classname="cpsc326.SemanticCheckerTests" time="0.001"/>
  <testcase name="basicAssignmentToNull" classname="cpsc326.SemanticCheckerTests" time="0.001"/>
</testsuite>